15:26:45.560 [main] INFO  App - Starting App on DESKTOP-2EMH2EM with PID 4088 (E:\RCJL\RCJL-Controller\target\classes started by zcl in E:\RCJL)
15:26:45.575 [main] INFO  App - No active profile set, falling back to default profiles: default
15:26:46.721 [main] INFO  com.buoyantec.ShiroConfiguration - 初始化defaultAdvisorAutoProxyCreator！

15:26:46.733 [main] INFO  com.buoyantec.ShiroConfiguration - 初始化defaultAdvisorAutoProxyCreator！

15:26:46.768 [main] INFO  com.buoyantec.ShiroConfiguration - 初始化AuthRealm成功!!

15:26:47.677 [main] INFO  com.buoyantec.ShiroConfiguration - 初始化securityManager成功！

15:26:47.758 [main] INFO  com.buoyantec.ShiroConfiguration - 初始化shiroFilterFactoryBean成功

15:26:47.811 [main] INFO  com.buoyantec.ShiroConfiguration - 初始化authorizationAttributeSourceAdvisor成功！

15:26:48.154 [main] INFO  org.apache.coyote.http11.Http11NioProtocol - Initializing ProtocolHandler ["http-nio-8080"]
15:26:48.164 [main] INFO  org.apache.catalina.core.StandardService - Starting service [Tomcat]
15:26:48.164 [main] INFO  org.apache.catalina.core.StandardEngine - Starting Servlet Engine: Apache Tomcat/8.5.34
15:26:48.169 [localhost-startStop-1] INFO  org.apache.catalina.core.AprLifecycleListener - The APR based Apache Tomcat Native library which allows optimal performance in production environments was not found on the java.library.path: [C:\Program Files\Java\jdk1.8.0_131\bin;C:\Windows\Sun\Java\bin;C:\Windows\system32;C:\Windows;C:\ProgramData\Oracle\Java\javapath;C:\Windows\system32;C:\Windows;C:\Windows\System32\Wbem;C:\Windows\System32\WindowsPowerShell\v1.0\;C:\Windows\System32\OpenSSH\;C:\Program Files\Git\cmd;C:\Program Files\Microsoft SQL Server\120\DTS\Binn\;C:\Program Files\Microsoft SQL Server\Client SDK\ODBC\110\Tools\Binn\;C:\Program Files (x86)\Microsoft SQL Server\120\Tools\Binn\;C:\Program Files\Microsoft SQL Server\120\Tools\Binn\;C:\Program Files (x86)\Microsoft SQL Server\120\Tools\Binn\ManagementStudio\;C:\Program Files (x86)\Microsoft SQL Server\120\DTS\Binn\;C:\Program Files\dotnet\;C:\Program Files\Microsoft SQL Server\130\Tools\Binn\;C:\Program Files\Microsoft SQL Server\Client SDK\ODBC\170\Tools\Binn\;E:\Code\apache-maven-3.6.2\bin;E:\mysql-5.7.27-winx64\bin;C:\Users\zcl\AppData\Local\Microsoft\WindowsApps;;C:\Users\zcl\AppData\Local\Programs\Microsoft VS Code\bin;C:\Program Files\JetBrains\IntelliJ IDEA 2019.2.3\bin;;.]
15:26:48.267 [localhost-startStop-1] INFO  org.apache.catalina.core.ContainerBase.[Tomcat].[localhost].[/] - Initializing Spring embedded WebApplicationContext
15:26:48.545 [main] INFO  com.buoyantec.JedisConfig - 初始化Redis连接池JedisPool成功! Redis地址: 127.0.0.1:6379
15:26:49.667 [main] INFO  org.apache.coyote.http11.Http11NioProtocol - Starting ProtocolHandler ["http-nio-8080"]
15:26:49.676 [main] INFO  org.apache.tomcat.util.net.NioSelectorPool - Using a shared selector for servlet write/read
15:26:49.690 [main] INFO  App - Started App in 4.434 seconds (JVM running for 6.505)
15:27:01.872 [http-nio-8080-exec-1] INFO  org.apache.catalina.core.ContainerBase.[Tomcat].[localhost].[/] - Initializing Spring FrameworkServlet 'dispatcherServlet'
15:27:02.172 [http-nio-8080-exec-1] INFO  com.buoyantec.AuthRealm - eyJ0eXAiOiJKV1QiLCJhbGciOiJIUzI1NiJ9.eyJleHAiOjE1NzUzMTg4ODAsInVzZXJuYW1lIjoiYjEyMzQ1NjAzNyJ9.76dZvJGcZfGflrtBHhbqKA13qmF4-r9RPjBSuq0oX0g
15:27:02.247 [http-nio-8080-exec-1] INFO  com.alibaba.druid.pool.DruidDataSource - {dataSource-1} inited
15:27:02.372 [http-nio-8080-exec-1] ERROR org.apache.catalina.core.ContainerBase.[Tomcat].[localhost].[/].[dispatcherServlet] - Servlet.service() for servlet [dispatcherServlet] in context with path [] threw exception [Request processing failed; nested exception is java.lang.IllegalStateException: Cannot call sendError() after the response has been committed] with root cause
java.lang.IllegalStateException: Cannot call sendError() after the response has been committed
	at org.apache.catalina.connector.ResponseFacade.sendError(ResponseFacade.java:472) ~[tomcat-embed-core-8.5.34.jar:8.5.34]
	at org.springframework.web.servlet.resource.ResourceHttpRequestHandler.handleRequest(ResourceHttpRequestHandler.java:442) ~[spring-webmvc-5.0.9.RELEASE.jar:5.0.9.RELEASE]
	at org.springframework.web.servlet.mvc.HttpRequestHandlerAdapter.handle(HttpRequestHandlerAdapter.java:53) ~[spring-webmvc-5.0.9.RELEASE.jar:5.0.9.RELEASE]
	at org.springframework.web.servlet.DispatcherServlet.doDispatch(DispatcherServlet.java:991) ~[spring-webmvc-5.0.9.RELEASE.jar:5.0.9.RELEASE]
	at org.springframework.web.servlet.DispatcherServlet.doService(DispatcherServlet.java:925) ~[spring-webmvc-5.0.9.RELEASE.jar:5.0.9.RELEASE]
	at org.springframework.web.servlet.FrameworkServlet.processRequest(FrameworkServlet.java:974) ~[spring-webmvc-5.0.9.RELEASE.jar:5.0.9.RELEASE]
	at org.springframework.web.servlet.FrameworkServlet.doPost(FrameworkServlet.java:877) ~[spring-webmvc-5.0.9.RELEASE.jar:5.0.9.RELEASE]
	at javax.servlet.http.HttpServlet.service(HttpServlet.java:707) ~[javax.servlet-api-3.1.0.jar:3.1.0]
	at org.springframework.web.servlet.FrameworkServlet.service(FrameworkServlet.java:851) ~[spring-webmvc-5.0.9.RELEASE.jar:5.0.9.RELEASE]
	at javax.servlet.http.HttpServlet.service(HttpServlet.java:790) ~[javax.servlet-api-3.1.0.jar:3.1.0]
	at org.apache.catalina.core.ApplicationFilterChain.internalDoFilter(ApplicationFilterChain.java:231) ~[tomcat-embed-core-8.5.34.jar:8.5.34]
	at org.apache.catalina.core.ApplicationFilterChain.doFilter(ApplicationFilterChain.java:166) ~[tomcat-embed-core-8.5.34.jar:8.5.34]
	at org.apache.tomcat.websocket.server.WsFilter.doFilter(WsFilter.java:52) ~[tomcat-embed-websocket-8.5.34.jar:8.5.34]
	at org.apache.catalina.core.ApplicationFilterChain.internalDoFilter(ApplicationFilterChain.java:193) ~[tomcat-embed-core-8.5.34.jar:8.5.34]
	at org.apache.catalina.core.ApplicationFilterChain.doFilter(ApplicationFilterChain.java:166) ~[tomcat-embed-core-8.5.34.jar:8.5.34]
	at org.apache.shiro.web.servlet.ProxiedFilterChain.doFilter(ProxiedFilterChain.java:61) ~[shiro-web-1.3.2.jar:1.3.2]
	at org.apache.shiro.web.servlet.AdviceFilter.executeChain(AdviceFilter.java:108) ~[shiro-web-1.3.2.jar:1.3.2]
	at org.apache.shiro.web.servlet.AdviceFilter.doFilterInternal(AdviceFilter.java:137) ~[shiro-web-1.3.2.jar:1.3.2]
	at org.apache.shiro.web.servlet.OncePerRequestFilter.doFilter(OncePerRequestFilter.java:125) ~[shiro-web-1.3.2.jar:1.3.2]
	at org.apache.shiro.web.servlet.ProxiedFilterChain.doFilter(ProxiedFilterChain.java:66) ~[shiro-web-1.3.2.jar:1.3.2]
	at org.apache.shiro.web.servlet.AbstractShiroFilter.executeChain(AbstractShiroFilter.java:449) ~[shiro-web-1.3.2.jar:1.3.2]
	at org.apache.shiro.web.servlet.AbstractShiroFilter$1.call(AbstractShiroFilter.java:365) ~[shiro-web-1.3.2.jar:1.3.2]
	at org.apache.shiro.subject.support.SubjectCallable.doCall(SubjectCallable.java:90) ~[shiro-core-1.4.2.jar:1.4.2]
	at org.apache.shiro.subject.support.SubjectCallable.call(SubjectCallable.java:83) ~[shiro-core-1.4.2.jar:1.4.2]
	at org.apache.shiro.subject.support.DelegatingSubject.execute(DelegatingSubject.java:387) ~[shiro-core-1.4.2.jar:1.4.2]
	at org.apache.shiro.web.servlet.AbstractShiroFilter.doFilterInternal(AbstractShiroFilter.java:362) ~[shiro-web-1.3.2.jar:1.3.2]
	at org.apache.shiro.web.servlet.OncePerRequestFilter.doFilter(OncePerRequestFilter.java:125) ~[shiro-web-1.3.2.jar:1.3.2]
	at org.apache.catalina.core.ApplicationFilterChain.internalDoFilter(ApplicationFilterChain.java:193) ~[tomcat-embed-core-8.5.34.jar:8.5.34]
	at org.apache.catalina.core.ApplicationFilterChain.doFilter(ApplicationFilterChain.java:166) ~[tomcat-embed-core-8.5.34.jar:8.5.34]
	at org.springframework.web.filter.RequestContextFilter.doFilterInternal(RequestContextFilter.java:99) ~[spring-web-5.0.9.RELEASE.jar:5.0.9.RELEASE]
	at org.springframework.web.filter.OncePerRequestFilter.doFilter(OncePerRequestFilter.java:107) ~[spring-web-5.0.9.RELEASE.jar:5.0.9.RELEASE]
	at org.apache.catalina.core.ApplicationFilterChain.internalDoFilter(ApplicationFilterChain.java:193) ~[tomcat-embed-core-8.5.34.jar:8.5.34]
	at org.apache.catalina.core.ApplicationFilterChain.doFilter(ApplicationFilterChain.java:166) ~[tomcat-embed-core-8.5.34.jar:8.5.34]
	at org.springframework.web.filter.HttpPutFormContentFilter.doFilterInternal(HttpPutFormContentFilter.java:109) ~[spring-web-5.0.9.RELEASE.jar:5.0.9.RELEASE]
	at org.springframework.web.filter.OncePerRequestFilter.doFilter(OncePerRequestFilter.java:107) ~[spring-web-5.0.9.RELEASE.jar:5.0.9.RELEASE]
	at org.apache.catalina.core.ApplicationFilterChain.internalDoFilter(ApplicationFilterChain.java:193) ~[tomcat-embed-core-8.5.34.jar:8.5.34]
	at org.apache.catalina.core.ApplicationFilterChain.doFilter(ApplicationFilterChain.java:166) ~[tomcat-embed-core-8.5.34.jar:8.5.34]
	at org.springframework.web.filter.HiddenHttpMethodFilter.doFilterInternal(HiddenHttpMethodFilter.java:93) ~[spring-web-5.0.9.RELEASE.jar:5.0.9.RELEASE]
	at org.springframework.web.filter.OncePerRequestFilter.doFilter(OncePerRequestFilter.java:107) ~[spring-web-5.0.9.RELEASE.jar:5.0.9.RELEASE]
	at org.apache.catalina.core.ApplicationFilterChain.internalDoFilter(ApplicationFilterChain.java:193) ~[tomcat-embed-core-8.5.34.jar:8.5.34]
	at org.apache.catalina.core.ApplicationFilterChain.doFilter(ApplicationFilterChain.java:166) ~[tomcat-embed-core-8.5.34.jar:8.5.34]
	at org.springframework.web.filter.CharacterEncodingFilter.doFilterInternal(CharacterEncodingFilter.java:200) ~[spring-web-5.0.9.RELEASE.jar:5.0.9.RELEASE]
	at org.springframework.web.filter.OncePerRequestFilter.doFilter(OncePerRequestFilter.java:107) ~[spring-web-5.0.9.RELEASE.jar:5.0.9.RELEASE]
	at org.apache.catalina.core.ApplicationFilterChain.internalDoFilter(ApplicationFilterChain.java:193) ~[tomcat-embed-core-8.5.34.jar:8.5.34]
	at org.apache.catalina.core.ApplicationFilterChain.doFilter(ApplicationFilterChain.java:166) ~[tomcat-embed-core-8.5.34.jar:8.5.34]
	at org.apache.catalina.core.StandardWrapperValve.invoke(StandardWrapperValve.java:198) [tomcat-embed-core-8.5.34.jar:8.5.34]
	at org.apache.catalina.core.StandardContextValve.invoke(StandardContextValve.java:96) [tomcat-embed-core-8.5.34.jar:8.5.34]
	at org.apache.catalina.authenticator.AuthenticatorBase.invoke(AuthenticatorBase.java:493) [tomcat-embed-core-8.5.34.jar:8.5.34]
	at org.apache.catalina.core.StandardHostValve.invoke(StandardHostValve.java:140) [tomcat-embed-core-8.5.34.jar:8.5.34]
	at org.apache.catalina.valves.ErrorReportValve.invoke(ErrorReportValve.java:81) [tomcat-embed-core-8.5.34.jar:8.5.34]
	at org.apache.catalina.core.StandardEngineValve.invoke(StandardEngineValve.java:87) [tomcat-embed-core-8.5.34.jar:8.5.34]
	at org.apache.catalina.connector.CoyoteAdapter.service(CoyoteAdapter.java:342) [tomcat-embed-core-8.5.34.jar:8.5.34]
	at org.apache.coyote.http11.Http11Processor.service(Http11Processor.java:800) [tomcat-embed-core-8.5.34.jar:8.5.34]
	at org.apache.coyote.AbstractProcessorLight.process(AbstractProcessorLight.java:66) [tomcat-embed-core-8.5.34.jar:8.5.34]
	at org.apache.coyote.AbstractProtocol$ConnectionHandler.process(AbstractProtocol.java:806) [tomcat-embed-core-8.5.34.jar:8.5.34]
	at org.apache.tomcat.util.net.NioEndpoint$SocketProcessor.doRun(NioEndpoint.java:1498) [tomcat-embed-core-8.5.34.jar:8.5.34]
	at org.apache.tomcat.util.net.SocketProcessorBase.run(SocketProcessorBase.java:49) [tomcat-embed-core-8.5.34.jar:8.5.34]
	at java.util.concurrent.ThreadPoolExecutor.runWorker(ThreadPoolExecutor.java:1142) [?:1.8.0_131]
	at java.util.concurrent.ThreadPoolExecutor$Worker.run(ThreadPoolExecutor.java:617) [?:1.8.0_131]
	at org.apache.tomcat.util.threads.TaskThread$WrappingRunnable.run(TaskThread.java:61) [tomcat-embed-core-8.5.34.jar:8.5.34]
	at java.lang.Thread.run(Thread.java:748) [?:1.8.0_131]
15:27:34.777 [Thread-12] INFO  com.alibaba.druid.pool.DruidDataSource - {dataSource-1} closed
15:27:40.534 [main] INFO  App - Starting App on DESKTOP-2EMH2EM with PID 10264 (E:\RCJL\RCJL-Controller\target\classes started by zcl in E:\RCJL)
15:27:40.540 [main] INFO  App - No active profile set, falling back to default profiles: default
15:27:41.421 [main] INFO  com.buoyantec.ShiroConfiguration - 初始化defaultAdvisorAutoProxyCreator！

15:27:41.431 [main] INFO  com.buoyantec.ShiroConfiguration - 初始化defaultAdvisorAutoProxyCreator！

15:27:41.461 [main] INFO  com.buoyantec.ShiroConfiguration - 初始化AuthRealm成功!!

15:27:42.354 [main] INFO  com.buoyantec.ShiroConfiguration - 初始化securityManager成功！

15:27:42.373 [main] INFO  com.buoyantec.ShiroConfiguration - 初始化shiroFilterFactoryBean成功

15:27:42.427 [main] INFO  com.buoyantec.ShiroConfiguration - 初始化authorizationAttributeSourceAdvisor成功！

15:27:42.760 [main] INFO  org.apache.coyote.http11.Http11NioProtocol - Initializing ProtocolHandler ["http-nio-8080"]
15:27:42.768 [main] INFO  org.apache.catalina.core.StandardService - Starting service [Tomcat]
15:27:42.769 [main] INFO  org.apache.catalina.core.StandardEngine - Starting Servlet Engine: Apache Tomcat/8.5.34
15:27:42.773 [localhost-startStop-1] INFO  org.apache.catalina.core.AprLifecycleListener - The APR based Apache Tomcat Native library which allows optimal performance in production environments was not found on the java.library.path: [C:\Program Files\Java\jdk1.8.0_131\bin;C:\Windows\Sun\Java\bin;C:\Windows\system32;C:\Windows;C:\ProgramData\Oracle\Java\javapath;C:\Windows\system32;C:\Windows;C:\Windows\System32\Wbem;C:\Windows\System32\WindowsPowerShell\v1.0\;C:\Windows\System32\OpenSSH\;C:\Program Files\Git\cmd;C:\Program Files\Microsoft SQL Server\120\DTS\Binn\;C:\Program Files\Microsoft SQL Server\Client SDK\ODBC\110\Tools\Binn\;C:\Program Files (x86)\Microsoft SQL Server\120\Tools\Binn\;C:\Program Files\Microsoft SQL Server\120\Tools\Binn\;C:\Program Files (x86)\Microsoft SQL Server\120\Tools\Binn\ManagementStudio\;C:\Program Files (x86)\Microsoft SQL Server\120\DTS\Binn\;C:\Program Files\dotnet\;C:\Program Files\Microsoft SQL Server\130\Tools\Binn\;C:\Program Files\Microsoft SQL Server\Client SDK\ODBC\170\Tools\Binn\;E:\Code\apache-maven-3.6.2\bin;E:\mysql-5.7.27-winx64\bin;C:\Users\zcl\AppData\Local\Microsoft\WindowsApps;;C:\Users\zcl\AppData\Local\Programs\Microsoft VS Code\bin;C:\Program Files\JetBrains\IntelliJ IDEA 2019.2.3\bin;;.]
15:27:42.858 [localhost-startStop-1] INFO  org.apache.catalina.core.ContainerBase.[Tomcat].[localhost].[/] - Initializing Spring embedded WebApplicationContext
15:27:43.060 [main] INFO  com.buoyantec.JedisConfig - 初始化Redis连接池JedisPool成功! Redis地址: 127.0.0.1:6379
15:27:44.137 [main] INFO  org.apache.coyote.http11.Http11NioProtocol - Starting ProtocolHandler ["http-nio-8080"]
15:27:44.145 [main] INFO  org.apache.tomcat.util.net.NioSelectorPool - Using a shared selector for servlet write/read
15:27:44.161 [main] INFO  App - Started App in 3.907 seconds (JVM running for 4.846)
15:27:47.072 [http-nio-8080-exec-1] INFO  org.apache.catalina.core.ContainerBase.[Tomcat].[localhost].[/] - Initializing Spring FrameworkServlet 'dispatcherServlet'
15:27:47.252 [http-nio-8080-exec-1] INFO  com.buoyantec.AuthRealm - eyJ0eXAiOiJKV1QiLCJhbGciOiJIUzI1NiJ9.eyJleHAiOjE1NzUzMTg4ODAsInVzZXJuYW1lIjoiYjEyMzQ1NjAzNyJ9.76dZvJGcZfGflrtBHhbqKA13qmF4-r9RPjBSuq0oX0g
15:27:47.343 [http-nio-8080-exec-1] INFO  com.alibaba.druid.pool.DruidDataSource - {dataSource-1} inited
15:27:47.460 [http-nio-8080-exec-1] ERROR org.apache.catalina.core.ContainerBase.[Tomcat].[localhost].[/].[dispatcherServlet] - Servlet.service() for servlet [dispatcherServlet] in context with path [] threw exception [Request processing failed; nested exception is java.lang.IllegalStateException: Cannot call sendError() after the response has been committed] with root cause
java.lang.IllegalStateException: Cannot call sendError() after the response has been committed
	at org.apache.catalina.connector.ResponseFacade.sendError(ResponseFacade.java:472) ~[tomcat-embed-core-8.5.34.jar:8.5.34]
	at org.springframework.web.servlet.resource.ResourceHttpRequestHandler.handleRequest(ResourceHttpRequestHandler.java:442) ~[spring-webmvc-5.0.9.RELEASE.jar:5.0.9.RELEASE]
	at org.springframework.web.servlet.mvc.HttpRequestHandlerAdapter.handle(HttpRequestHandlerAdapter.java:53) ~[spring-webmvc-5.0.9.RELEASE.jar:5.0.9.RELEASE]
	at org.springframework.web.servlet.DispatcherServlet.doDispatch(DispatcherServlet.java:991) ~[spring-webmvc-5.0.9.RELEASE.jar:5.0.9.RELEASE]
	at org.springframework.web.servlet.DispatcherServlet.doService(DispatcherServlet.java:925) ~[spring-webmvc-5.0.9.RELEASE.jar:5.0.9.RELEASE]
	at org.springframework.web.servlet.FrameworkServlet.processRequest(FrameworkServlet.java:974) ~[spring-webmvc-5.0.9.RELEASE.jar:5.0.9.RELEASE]
	at org.springframework.web.servlet.FrameworkServlet.doPost(FrameworkServlet.java:877) ~[spring-webmvc-5.0.9.RELEASE.jar:5.0.9.RELEASE]
	at javax.servlet.http.HttpServlet.service(HttpServlet.java:707) ~[javax.servlet-api-3.1.0.jar:3.1.0]
	at org.springframework.web.servlet.FrameworkServlet.service(FrameworkServlet.java:851) ~[spring-webmvc-5.0.9.RELEASE.jar:5.0.9.RELEASE]
	at javax.servlet.http.HttpServlet.service(HttpServlet.java:790) ~[javax.servlet-api-3.1.0.jar:3.1.0]
	at org.apache.catalina.core.ApplicationFilterChain.internalDoFilter(ApplicationFilterChain.java:231) ~[tomcat-embed-core-8.5.34.jar:8.5.34]
	at org.apache.catalina.core.ApplicationFilterChain.doFilter(ApplicationFilterChain.java:166) ~[tomcat-embed-core-8.5.34.jar:8.5.34]
	at org.apache.tomcat.websocket.server.WsFilter.doFilter(WsFilter.java:52) ~[tomcat-embed-websocket-8.5.34.jar:8.5.34]
	at org.apache.catalina.core.ApplicationFilterChain.internalDoFilter(ApplicationFilterChain.java:193) ~[tomcat-embed-core-8.5.34.jar:8.5.34]
	at org.apache.catalina.core.ApplicationFilterChain.doFilter(ApplicationFilterChain.java:166) ~[tomcat-embed-core-8.5.34.jar:8.5.34]
	at org.apache.shiro.web.servlet.ProxiedFilterChain.doFilter(ProxiedFilterChain.java:61) ~[shiro-web-1.3.2.jar:1.3.2]
	at org.apache.shiro.web.servlet.AdviceFilter.executeChain(AdviceFilter.java:108) ~[shiro-web-1.3.2.jar:1.3.2]
	at org.apache.shiro.web.servlet.AdviceFilter.doFilterInternal(AdviceFilter.java:137) ~[shiro-web-1.3.2.jar:1.3.2]
	at org.apache.shiro.web.servlet.OncePerRequestFilter.doFilter(OncePerRequestFilter.java:125) ~[shiro-web-1.3.2.jar:1.3.2]
	at org.apache.shiro.web.servlet.ProxiedFilterChain.doFilter(ProxiedFilterChain.java:66) ~[shiro-web-1.3.2.jar:1.3.2]
	at org.apache.shiro.web.servlet.AbstractShiroFilter.executeChain(AbstractShiroFilter.java:449) ~[shiro-web-1.3.2.jar:1.3.2]
	at org.apache.shiro.web.servlet.AbstractShiroFilter$1.call(AbstractShiroFilter.java:365) ~[shiro-web-1.3.2.jar:1.3.2]
	at org.apache.shiro.subject.support.SubjectCallable.doCall(SubjectCallable.java:90) ~[shiro-core-1.4.2.jar:1.4.2]
	at org.apache.shiro.subject.support.SubjectCallable.call(SubjectCallable.java:83) ~[shiro-core-1.4.2.jar:1.4.2]
	at org.apache.shiro.subject.support.DelegatingSubject.execute(DelegatingSubject.java:387) ~[shiro-core-1.4.2.jar:1.4.2]
	at org.apache.shiro.web.servlet.AbstractShiroFilter.doFilterInternal(AbstractShiroFilter.java:362) ~[shiro-web-1.3.2.jar:1.3.2]
	at org.apache.shiro.web.servlet.OncePerRequestFilter.doFilter(OncePerRequestFilter.java:125) ~[shiro-web-1.3.2.jar:1.3.2]
	at org.apache.catalina.core.ApplicationFilterChain.internalDoFilter(ApplicationFilterChain.java:193) ~[tomcat-embed-core-8.5.34.jar:8.5.34]
	at org.apache.catalina.core.ApplicationFilterChain.doFilter(ApplicationFilterChain.java:166) ~[tomcat-embed-core-8.5.34.jar:8.5.34]
	at org.springframework.web.filter.RequestContextFilter.doFilterInternal(RequestContextFilter.java:99) ~[spring-web-5.0.9.RELEASE.jar:5.0.9.RELEASE]
	at org.springframework.web.filter.OncePerRequestFilter.doFilter(OncePerRequestFilter.java:107) ~[spring-web-5.0.9.RELEASE.jar:5.0.9.RELEASE]
	at org.apache.catalina.core.ApplicationFilterChain.internalDoFilter(ApplicationFilterChain.java:193) ~[tomcat-embed-core-8.5.34.jar:8.5.34]
	at org.apache.catalina.core.ApplicationFilterChain.doFilter(ApplicationFilterChain.java:166) ~[tomcat-embed-core-8.5.34.jar:8.5.34]
	at org.springframework.web.filter.HttpPutFormContentFilter.doFilterInternal(HttpPutFormContentFilter.java:109) ~[spring-web-5.0.9.RELEASE.jar:5.0.9.RELEASE]
	at org.springframework.web.filter.OncePerRequestFilter.doFilter(OncePerRequestFilter.java:107) ~[spring-web-5.0.9.RELEASE.jar:5.0.9.RELEASE]
	at org.apache.catalina.core.ApplicationFilterChain.internalDoFilter(ApplicationFilterChain.java:193) ~[tomcat-embed-core-8.5.34.jar:8.5.34]
	at org.apache.catalina.core.ApplicationFilterChain.doFilter(ApplicationFilterChain.java:166) ~[tomcat-embed-core-8.5.34.jar:8.5.34]
	at org.springframework.web.filter.HiddenHttpMethodFilter.doFilterInternal(HiddenHttpMethodFilter.java:93) ~[spring-web-5.0.9.RELEASE.jar:5.0.9.RELEASE]
	at org.springframework.web.filter.OncePerRequestFilter.doFilter(OncePerRequestFilter.java:107) ~[spring-web-5.0.9.RELEASE.jar:5.0.9.RELEASE]
	at org.apache.catalina.core.ApplicationFilterChain.internalDoFilter(ApplicationFilterChain.java:193) ~[tomcat-embed-core-8.5.34.jar:8.5.34]
	at org.apache.catalina.core.ApplicationFilterChain.doFilter(ApplicationFilterChain.java:166) ~[tomcat-embed-core-8.5.34.jar:8.5.34]
	at org.springframework.web.filter.CharacterEncodingFilter.doFilterInternal(CharacterEncodingFilter.java:200) ~[spring-web-5.0.9.RELEASE.jar:5.0.9.RELEASE]
	at org.springframework.web.filter.OncePerRequestFilter.doFilter(OncePerRequestFilter.java:107) ~[spring-web-5.0.9.RELEASE.jar:5.0.9.RELEASE]
	at org.apache.catalina.core.ApplicationFilterChain.internalDoFilter(ApplicationFilterChain.java:193) ~[tomcat-embed-core-8.5.34.jar:8.5.34]
	at org.apache.catalina.core.ApplicationFilterChain.doFilter(ApplicationFilterChain.java:166) ~[tomcat-embed-core-8.5.34.jar:8.5.34]
	at org.apache.catalina.core.StandardWrapperValve.invoke(StandardWrapperValve.java:198) [tomcat-embed-core-8.5.34.jar:8.5.34]
	at org.apache.catalina.core.StandardContextValve.invoke(StandardContextValve.java:96) [tomcat-embed-core-8.5.34.jar:8.5.34]
	at org.apache.catalina.authenticator.AuthenticatorBase.invoke(AuthenticatorBase.java:493) [tomcat-embed-core-8.5.34.jar:8.5.34]
	at org.apache.catalina.core.StandardHostValve.invoke(StandardHostValve.java:140) [tomcat-embed-core-8.5.34.jar:8.5.34]
	at org.apache.catalina.valves.ErrorReportValve.invoke(ErrorReportValve.java:81) [tomcat-embed-core-8.5.34.jar:8.5.34]
	at org.apache.catalina.core.StandardEngineValve.invoke(StandardEngineValve.java:87) [tomcat-embed-core-8.5.34.jar:8.5.34]
	at org.apache.catalina.connector.CoyoteAdapter.service(CoyoteAdapter.java:342) [tomcat-embed-core-8.5.34.jar:8.5.34]
	at org.apache.coyote.http11.Http11Processor.service(Http11Processor.java:800) [tomcat-embed-core-8.5.34.jar:8.5.34]
	at org.apache.coyote.AbstractProcessorLight.process(AbstractProcessorLight.java:66) [tomcat-embed-core-8.5.34.jar:8.5.34]
	at org.apache.coyote.AbstractProtocol$ConnectionHandler.process(AbstractProtocol.java:806) [tomcat-embed-core-8.5.34.jar:8.5.34]
	at org.apache.tomcat.util.net.NioEndpoint$SocketProcessor.doRun(NioEndpoint.java:1498) [tomcat-embed-core-8.5.34.jar:8.5.34]
	at org.apache.tomcat.util.net.SocketProcessorBase.run(SocketProcessorBase.java:49) [tomcat-embed-core-8.5.34.jar:8.5.34]
	at java.util.concurrent.ThreadPoolExecutor.runWorker(ThreadPoolExecutor.java:1142) [?:1.8.0_131]
	at java.util.concurrent.ThreadPoolExecutor$Worker.run(ThreadPoolExecutor.java:617) [?:1.8.0_131]
	at org.apache.tomcat.util.threads.TaskThread$WrappingRunnable.run(TaskThread.java:61) [tomcat-embed-core-8.5.34.jar:8.5.34]
	at java.lang.Thread.run(Thread.java:748) [?:1.8.0_131]
15:28:23.569 [http-nio-8080-exec-2] INFO  com.buoyantec.AuthRealm - eyJ0eXAiOiJKV1QiLCJhbGciOiJIUzI1NiJ9.eyJleHAiOjE1NzUzMTg4ODAsInVzZXJuYW1lIjoiYjEyMzQ1NjAzNyJ9.76dZvJGcZfGflrtBHhbqKA13qmF4-r9RPjBSuq0oX0g
15:28:43.638 [http-nio-8080-exec-4] INFO  com.buoyantec.AuthRealm - eyJ0eXAiOiJKV1QiLCJhbGciOiJIUzI1NiJ9.eyJleHAiOjE1NzU0MDE0MzQsInVzZXJuYW1lIjoiYjEyMzQ1NjAzNyJ9.uEja-MY9dtaBuj5MLehkNACWYaCG43wXaNiyWTVkXBo
15:28:43.677 [http-nio-8080-exec-4] INFO  com.buoyantec.service.impl.UserRightRelationServiceImpl - :
15:28:46.296 [http-nio-8080-exec-5] INFO  com.buoyantec.AuthRealm - eyJ0eXAiOiJKV1QiLCJhbGciOiJIUzI1NiJ9.eyJleHAiOjE1NzU0MDE0MzQsInVzZXJuYW1lIjoiYjEyMzQ1NjAzNyJ9.uEja-MY9dtaBuj5MLehkNACWYaCG43wXaNiyWTVkXBo
15:28:46.897 [http-nio-8080-exec-6] INFO  com.buoyantec.AuthRealm - eyJ0eXAiOiJKV1QiLCJhbGciOiJIUzI1NiJ9.eyJleHAiOjE1NzU0MDE0MzQsInVzZXJuYW1lIjoiYjEyMzQ1NjAzNyJ9.uEja-MY9dtaBuj5MLehkNACWYaCG43wXaNiyWTVkXBo
15:28:47.514 [http-nio-8080-exec-7] INFO  com.buoyantec.AuthRealm - eyJ0eXAiOiJKV1QiLCJhbGciOiJIUzI1NiJ9.eyJleHAiOjE1NzU0MDE0MzQsInVzZXJuYW1lIjoiYjEyMzQ1NjAzNyJ9.uEja-MY9dtaBuj5MLehkNACWYaCG43wXaNiyWTVkXBo
15:28:47.861 [http-nio-8080-exec-8] INFO  com.buoyantec.AuthRealm - eyJ0eXAiOiJKV1QiLCJhbGciOiJIUzI1NiJ9.eyJleHAiOjE1NzU0MDE0MzQsInVzZXJuYW1lIjoiYjEyMzQ1NjAzNyJ9.uEja-MY9dtaBuj5MLehkNACWYaCG43wXaNiyWTVkXBo
15:29:05.590 [http-nio-8080-exec-9] INFO  com.buoyantec.AuthRealm - eyJ0eXAiOiJKV1QiLCJhbGciOiJIUzI1NiJ9.eyJleHAiOjE1NzU0MDE0MzQsInVzZXJuYW1lIjoiYjEyMzQ1NjAzNyJ9.uEja-MY9dtaBuj5MLehkNACWYaCG43wXaNiyWTVkXBo
15:29:05.596 [http-nio-8080-exec-9] INFO  com.buoyantec.Utils.UploadController - 用户:b123456037正在上传文件
15:29:05.639 [http-nio-8080-exec-9] INFO  com.buoyantec.service.impl.AttachmentServiceImpl - 用户:1|||上传文件:OneNET+中华杯20190927.rar|||上传地址是:C:\Users\zcl\AppData\Local\Temp\tomcat-docbase.2081255011999560069.8080\upload/2019/12/04/9db58534-6804-45c2-bc4e-7208ce07d853.rar|||数据库名为:9db58534-6804-45c2-bc4e-7208ce07d853.rar|||下载地址为:http://127.0.0.1:8080/upload/2019/12/04/9db58534-6804-45c2-bc4e-7208ce07d853.rar
15:31:55.938 [Thread-12] INFO  com.alibaba.druid.pool.DruidDataSource - {dataSource-1} closed
15:35:35.413 [main] INFO  App - Starting App on DESKTOP-2EMH2EM with PID 7104 (E:\RCJL\RCJL-Controller\target\classes started by zcl in E:\RCJL)
15:35:35.418 [main] INFO  App - No active profile set, falling back to default profiles: default
15:35:36.357 [main] INFO  com.buoyantec.ShiroConfiguration - 初始化defaultAdvisorAutoProxyCreator！

15:35:36.366 [main] INFO  com.buoyantec.ShiroConfiguration - 初始化defaultAdvisorAutoProxyCreator！

15:35:36.401 [main] INFO  com.buoyantec.ShiroConfiguration - 初始化AuthRealm成功!!

15:35:37.311 [main] INFO  com.buoyantec.ShiroConfiguration - 初始化securityManager成功！

15:35:37.330 [main] INFO  com.buoyantec.ShiroConfiguration - 初始化shiroFilterFactoryBean成功

15:35:37.383 [main] INFO  com.buoyantec.ShiroConfiguration - 初始化authorizationAttributeSourceAdvisor成功！

15:35:37.713 [main] INFO  org.apache.coyote.http11.Http11NioProtocol - Initializing ProtocolHandler ["http-nio-8080"]
15:35:37.721 [main] INFO  org.apache.catalina.core.StandardService - Starting service [Tomcat]
15:35:37.721 [main] INFO  org.apache.catalina.core.StandardEngine - Starting Servlet Engine: Apache Tomcat/8.5.34
15:35:37.725 [localhost-startStop-1] INFO  org.apache.catalina.core.AprLifecycleListener - The APR based Apache Tomcat Native library which allows optimal performance in production environments was not found on the java.library.path: [C:\Program Files\Java\jdk1.8.0_131\bin;C:\Windows\Sun\Java\bin;C:\Windows\system32;C:\Windows;C:\ProgramData\Oracle\Java\javapath;C:\Windows\system32;C:\Windows;C:\Windows\System32\Wbem;C:\Windows\System32\WindowsPowerShell\v1.0\;C:\Windows\System32\OpenSSH\;C:\Program Files\Git\cmd;C:\Program Files\Microsoft SQL Server\120\DTS\Binn\;C:\Program Files\Microsoft SQL Server\Client SDK\ODBC\110\Tools\Binn\;C:\Program Files (x86)\Microsoft SQL Server\120\Tools\Binn\;C:\Program Files\Microsoft SQL Server\120\Tools\Binn\;C:\Program Files (x86)\Microsoft SQL Server\120\Tools\Binn\ManagementStudio\;C:\Program Files (x86)\Microsoft SQL Server\120\DTS\Binn\;C:\Program Files\dotnet\;C:\Program Files\Microsoft SQL Server\130\Tools\Binn\;C:\Program Files\Microsoft SQL Server\Client SDK\ODBC\170\Tools\Binn\;E:\Code\apache-maven-3.6.2\bin;E:\mysql-5.7.27-winx64\bin;C:\Users\zcl\AppData\Local\Microsoft\WindowsApps;;C:\Users\zcl\AppData\Local\Programs\Microsoft VS Code\bin;C:\Program Files\JetBrains\IntelliJ IDEA 2019.2.3\bin;;.]
15:35:37.810 [localhost-startStop-1] INFO  org.apache.catalina.core.ContainerBase.[Tomcat].[localhost].[/] - Initializing Spring embedded WebApplicationContext
15:35:38.016 [main] INFO  com.buoyantec.JedisConfig - 初始化Redis连接池JedisPool成功! Redis地址: 127.0.0.1:6379
15:35:39.117 [main] INFO  org.apache.coyote.http11.Http11NioProtocol - Starting ProtocolHandler ["http-nio-8080"]
15:35:39.125 [main] INFO  org.apache.tomcat.util.net.NioSelectorPool - Using a shared selector for servlet write/read
15:35:39.140 [main] INFO  App - Started App in 3.982 seconds (JVM running for 4.93)
15:35:46.879 [http-nio-8080-exec-1] INFO  org.apache.catalina.core.ContainerBase.[Tomcat].[localhost].[/] - Initializing Spring FrameworkServlet 'dispatcherServlet'
15:35:47.050 [http-nio-8080-exec-1] INFO  com.buoyantec.AuthRealm - eyJ0eXAiOiJKV1QiLCJhbGciOiJIUzI1NiJ9.eyJleHAiOjE1NzU0MDE0MzQsInVzZXJuYW1lIjoiYjEyMzQ1NjAzNyJ9.uEja-MY9dtaBuj5MLehkNACWYaCG43wXaNiyWTVkXBo
15:35:47.121 [http-nio-8080-exec-1] INFO  com.alibaba.druid.pool.DruidDataSource - {dataSource-1} inited
15:35:47.279 [http-nio-8080-exec-1] INFO  com.buoyantec.service.impl.UserRightRelationServiceImpl - :
15:35:47.291 [http-nio-8080-exec-1] INFO  com.buoyantec.Utils.UploadController - 用户:b123456037正在上传文件
15:35:47.303 [http-nio-8080-exec-1] INFO  com.buoyantec.service.impl.AttachmentServiceImpl - 用户:1|||上传文件:OneNET+中华杯20190927.rar|||上传地址是:C:\Users\zcl\AppData\Local\Temp\tomcat-docbase.52223898177369777.8080\upload/2019/12/04/3e5b08a1-4324-4a3f-9bf5-7613669fdc2d.rar|||数据库名为:3e5b08a1-4324-4a3f-9bf5-7613669fdc2d.rar|||下载地址为:http://127.0.0.1:8080/upload/2019/12/04/3e5b08a1-4324-4a3f-9bf5-7613669fdc2d.rar
15:35:55.681 [http-nio-8080-exec-2] INFO  com.buoyantec.AuthRealm - eyJ0eXAiOiJKV1QiLCJhbGciOiJIUzI1NiJ9.eyJleHAiOjE1NzU0MDE0MzQsInVzZXJuYW1lIjoiYjEyMzQ1NjAzNyJ9.uEja-MY9dtaBuj5MLehkNACWYaCG43wXaNiyWTVkXBo
15:35:55.688 [http-nio-8080-exec-2] INFO  com.buoyantec.Utils.UploadController - 用户:b123456037正在上传文件
15:35:55.711 [http-nio-8080-exec-2] INFO  com.buoyantec.service.impl.AttachmentServiceImpl - 用户:1|||上传文件:OneNET+中华杯20190927.rar|||上传地址是:C:\Users\zcl\AppData\Local\Temp\tomcat-docbase.52223898177369777.8080\upload/2019/12/04/df3d5435-122d-462d-bce7-d103b525c9c2.rar|||数据库名为:df3d5435-122d-462d-bce7-d103b525c9c2.rar|||下载地址为:http://127.0.0.1:8080/upload/2019/12/04/df3d5435-122d-462d-bce7-d103b525c9c2.rar
15:36:52.043 [Thread-12] INFO  com.alibaba.druid.pool.DruidDataSource - {dataSource-1} closed
15:36:56.228 [main] INFO  App - Starting App on DESKTOP-2EMH2EM with PID 11528 (E:\RCJL\RCJL-Controller\target\classes started by zcl in E:\RCJL)
15:36:56.232 [main] INFO  App - No active profile set, falling back to default profiles: default
15:36:57.103 [main] INFO  com.buoyantec.ShiroConfiguration - 初始化defaultAdvisorAutoProxyCreator！

15:36:57.113 [main] INFO  com.buoyantec.ShiroConfiguration - 初始化defaultAdvisorAutoProxyCreator！

15:36:57.144 [main] INFO  com.buoyantec.ShiroConfiguration - 初始化AuthRealm成功!!

15:36:58.044 [main] INFO  com.buoyantec.ShiroConfiguration - 初始化securityManager成功！

15:36:58.061 [main] INFO  com.buoyantec.ShiroConfiguration - 初始化shiroFilterFactoryBean成功

15:36:58.111 [main] INFO  com.buoyantec.ShiroConfiguration - 初始化authorizationAttributeSourceAdvisor成功！

15:36:58.434 [main] INFO  org.apache.coyote.http11.Http11NioProtocol - Initializing ProtocolHandler ["http-nio-8080"]
15:36:58.441 [main] INFO  org.apache.catalina.core.StandardService - Starting service [Tomcat]
15:36:58.442 [main] INFO  org.apache.catalina.core.StandardEngine - Starting Servlet Engine: Apache Tomcat/8.5.34
15:36:58.445 [localhost-startStop-1] INFO  org.apache.catalina.core.AprLifecycleListener - The APR based Apache Tomcat Native library which allows optimal performance in production environments was not found on the java.library.path: [C:\Program Files\Java\jdk1.8.0_131\bin;C:\Windows\Sun\Java\bin;C:\Windows\system32;C:\Windows;C:\ProgramData\Oracle\Java\javapath;C:\Windows\system32;C:\Windows;C:\Windows\System32\Wbem;C:\Windows\System32\WindowsPowerShell\v1.0\;C:\Windows\System32\OpenSSH\;C:\Program Files\Git\cmd;C:\Program Files\Microsoft SQL Server\120\DTS\Binn\;C:\Program Files\Microsoft SQL Server\Client SDK\ODBC\110\Tools\Binn\;C:\Program Files (x86)\Microsoft SQL Server\120\Tools\Binn\;C:\Program Files\Microsoft SQL Server\120\Tools\Binn\;C:\Program Files (x86)\Microsoft SQL Server\120\Tools\Binn\ManagementStudio\;C:\Program Files (x86)\Microsoft SQL Server\120\DTS\Binn\;C:\Program Files\dotnet\;C:\Program Files\Microsoft SQL Server\130\Tools\Binn\;C:\Program Files\Microsoft SQL Server\Client SDK\ODBC\170\Tools\Binn\;E:\Code\apache-maven-3.6.2\bin;E:\mysql-5.7.27-winx64\bin;C:\Users\zcl\AppData\Local\Microsoft\WindowsApps;;C:\Users\zcl\AppData\Local\Programs\Microsoft VS Code\bin;C:\Program Files\JetBrains\IntelliJ IDEA 2019.2.3\bin;;.]
15:36:58.527 [localhost-startStop-1] INFO  org.apache.catalina.core.ContainerBase.[Tomcat].[localhost].[/] - Initializing Spring embedded WebApplicationContext
15:36:58.722 [main] INFO  com.buoyantec.JedisConfig - 初始化Redis连接池JedisPool成功! Redis地址: 127.0.0.1:6379
15:36:59.804 [main] INFO  org.apache.coyote.http11.Http11NioProtocol - Starting ProtocolHandler ["http-nio-8080"]
15:36:59.813 [main] INFO  org.apache.tomcat.util.net.NioSelectorPool - Using a shared selector for servlet write/read
15:36:59.829 [main] INFO  App - Started App in 3.849 seconds (JVM running for 4.765)
15:37:01.928 [http-nio-8080-exec-1] INFO  org.apache.catalina.core.ContainerBase.[Tomcat].[localhost].[/] - Initializing Spring FrameworkServlet 'dispatcherServlet'
15:37:02.109 [http-nio-8080-exec-1] INFO  com.buoyantec.AuthRealm - eyJ0eXAiOiJKV1QiLCJhbGciOiJIUzI1NiJ9.eyJleHAiOjE1NzU0MDE0MzQsInVzZXJuYW1lIjoiYjEyMzQ1NjAzNyJ9.uEja-MY9dtaBuj5MLehkNACWYaCG43wXaNiyWTVkXBo
15:37:02.199 [http-nio-8080-exec-1] INFO  com.alibaba.druid.pool.DruidDataSource - {dataSource-1} inited
15:37:02.338 [http-nio-8080-exec-1] INFO  com.buoyantec.Utils.UploadController - 用户:b123456037正在上传文件
15:37:02.353 [http-nio-8080-exec-1] INFO  com.buoyantec.service.impl.AttachmentServiceImpl - 用户:b123456037|||上传文件:OneNET+中华杯20190927.rar|||上传地址是:C:\Users\zcl\AppData\Local\Temp\tomcat-docbase.7175106140485495927.8080\upload/2019/12/04/b8ac7405-c2c9-40d7-ba83-fea730ab4d44.rar|||数据库名为:b8ac7405-c2c9-40d7-ba83-fea730ab4d44.rar|||下载地址为:http://127.0.0.1:8080/upload/2019/12/04/b8ac7405-c2c9-40d7-ba83-fea730ab4d44.rar
15:43:45.912 [Thread-11] INFO  com.alibaba.druid.pool.DruidDataSource - {dataSource-1} closed
15:48:01.132 [main] INFO  App - Starting App on DESKTOP-2EMH2EM with PID 19768 (E:\RCJL\RCJL-Controller\target\classes started by zcl in E:\RCJL)
15:48:01.137 [main] INFO  App - No active profile set, falling back to default profiles: default
15:48:01.990 [main] INFO  com.buoyantec.ShiroConfiguration - 初始化defaultAdvisorAutoProxyCreator！

15:48:02.000 [main] INFO  com.buoyantec.ShiroConfiguration - 初始化defaultAdvisorAutoProxyCreator！

15:48:02.031 [main] INFO  com.buoyantec.ShiroConfiguration - 初始化AuthRealm成功!!

15:48:02.952 [main] INFO  com.buoyantec.ShiroConfiguration - 初始化securityManager成功！

15:48:02.971 [main] INFO  com.buoyantec.ShiroConfiguration - 初始化shiroFilterFactoryBean成功

15:48:03.021 [main] INFO  com.buoyantec.ShiroConfiguration - 初始化authorizationAttributeSourceAdvisor成功！

15:48:03.340 [main] INFO  org.apache.coyote.http11.Http11NioProtocol - Initializing ProtocolHandler ["http-nio-8080"]
15:48:03.348 [main] INFO  org.apache.catalina.core.StandardService - Starting service [Tomcat]
15:48:03.349 [main] INFO  org.apache.catalina.core.StandardEngine - Starting Servlet Engine: Apache Tomcat/8.5.34
15:48:03.352 [localhost-startStop-1] INFO  org.apache.catalina.core.AprLifecycleListener - The APR based Apache Tomcat Native library which allows optimal performance in production environments was not found on the java.library.path: [C:\Program Files\Java\jdk1.8.0_131\bin;C:\Windows\Sun\Java\bin;C:\Windows\system32;C:\Windows;C:\ProgramData\Oracle\Java\javapath;C:\Windows\system32;C:\Windows;C:\Windows\System32\Wbem;C:\Windows\System32\WindowsPowerShell\v1.0\;C:\Windows\System32\OpenSSH\;C:\Program Files\Git\cmd;C:\Program Files\Microsoft SQL Server\120\DTS\Binn\;C:\Program Files\Microsoft SQL Server\Client SDK\ODBC\110\Tools\Binn\;C:\Program Files (x86)\Microsoft SQL Server\120\Tools\Binn\;C:\Program Files\Microsoft SQL Server\120\Tools\Binn\;C:\Program Files (x86)\Microsoft SQL Server\120\Tools\Binn\ManagementStudio\;C:\Program Files (x86)\Microsoft SQL Server\120\DTS\Binn\;C:\Program Files\dotnet\;C:\Program Files\Microsoft SQL Server\130\Tools\Binn\;C:\Program Files\Microsoft SQL Server\Client SDK\ODBC\170\Tools\Binn\;E:\Code\apache-maven-3.6.2\bin;E:\mysql-5.7.27-winx64\bin;C:\Users\zcl\AppData\Local\Microsoft\WindowsApps;;C:\Users\zcl\AppData\Local\Programs\Microsoft VS Code\bin;C:\Program Files\JetBrains\IntelliJ IDEA 2019.2.3\bin;;.]
15:48:03.434 [localhost-startStop-1] INFO  org.apache.catalina.core.ContainerBase.[Tomcat].[localhost].[/] - Initializing Spring embedded WebApplicationContext
15:48:03.620 [main] INFO  com.buoyantec.JedisConfig - 初始化Redis连接池JedisPool成功! Redis地址: 127.0.0.1:6379
15:48:04.716 [main] INFO  org.apache.coyote.http11.Http11NioProtocol - Starting ProtocolHandler ["http-nio-8080"]
15:48:04.726 [main] INFO  org.apache.tomcat.util.net.NioSelectorPool - Using a shared selector for servlet write/read
15:48:04.742 [main] INFO  App - Started App in 3.867 seconds (JVM running for 4.796)
15:48:09.890 [http-nio-8080-exec-1] INFO  org.apache.catalina.core.ContainerBase.[Tomcat].[localhost].[/] - Initializing Spring FrameworkServlet 'dispatcherServlet'
15:48:10.100 [http-nio-8080-exec-1] INFO  com.buoyantec.AuthRealm - eyJ0eXAiOiJKV1QiLCJhbGciOiJIUzI1NiJ9.eyJleHAiOjE1NzU0MDE0MzQsInVzZXJuYW1lIjoiYjEyMzQ1NjAzNyJ9.uEja-MY9dtaBuj5MLehkNACWYaCG43wXaNiyWTVkXBo
15:48:10.192 [http-nio-8080-exec-1] INFO  com.alibaba.druid.pool.DruidDataSource - {dataSource-1} inited
15:48:10.347 [http-nio-8080-exec-1] INFO  com.buoyantec.service.impl.UserRightRelationServiceImpl - :
15:48:10.361 [http-nio-8080-exec-1] INFO  com.buoyantec.Utils.UploadController - 用户:b123456037正在上传文件
15:48:10.372 [http-nio-8080-exec-1] INFO  com.buoyantec.service.impl.AttachmentServiceImpl - 用户:b123456037|||上传文件:OneNET+中华杯20190927.rar|||上传地址是:C:\Users\zcl\AppData\Local\Temp\tomcat-docbase.5271663346077542828.8080\upload/2019/12/04/1e124e7e-b736-48e0-86f4-65b667697448.rar|||数据库名为:1e124e7e-b736-48e0-86f4-65b667697448.rar|||下载地址为:http://127.0.0.1:8080/upload/2019/12/04/1e124e7e-b736-48e0-86f4-65b667697448.rar
15:48:34.117 [Thread-12] INFO  com.alibaba.druid.pool.DruidDataSource - {dataSource-1} closed
15:53:54.622 [main] INFO  App - Starting App on DESKTOP-2EMH2EM with PID 20212 (E:\RCJL\RCJL-Controller\target\classes started by zcl in E:\RCJL)
15:53:54.627 [main] INFO  App - No active profile set, falling back to default profiles: default
15:53:55.492 [main] INFO  com.buoyantec.ShiroConfiguration - 初始化defaultAdvisorAutoProxyCreator！

15:53:55.502 [main] INFO  com.buoyantec.ShiroConfiguration - 初始化defaultAdvisorAutoProxyCreator！

15:53:55.536 [main] INFO  com.buoyantec.ShiroConfiguration - 初始化AuthRealm成功!!

15:53:56.471 [main] INFO  com.buoyantec.ShiroConfiguration - 初始化securityManager成功！

15:53:56.489 [main] INFO  com.buoyantec.ShiroConfiguration - 初始化shiroFilterFactoryBean成功

15:53:56.539 [main] INFO  com.buoyantec.ShiroConfiguration - 初始化authorizationAttributeSourceAdvisor成功！

15:53:56.862 [main] INFO  org.apache.coyote.http11.Http11NioProtocol - Initializing ProtocolHandler ["http-nio-8080"]
15:53:56.871 [main] INFO  org.apache.catalina.core.StandardService - Starting service [Tomcat]
15:53:56.871 [main] INFO  org.apache.catalina.core.StandardEngine - Starting Servlet Engine: Apache Tomcat/8.5.34
15:53:56.875 [localhost-startStop-1] INFO  org.apache.catalina.core.AprLifecycleListener - The APR based Apache Tomcat Native library which allows optimal performance in production environments was not found on the java.library.path: [C:\Program Files\Java\jdk1.8.0_131\bin;C:\Windows\Sun\Java\bin;C:\Windows\system32;C:\Windows;C:\ProgramData\Oracle\Java\javapath;C:\Windows\system32;C:\Windows;C:\Windows\System32\Wbem;C:\Windows\System32\WindowsPowerShell\v1.0\;C:\Windows\System32\OpenSSH\;C:\Program Files\Git\cmd;C:\Program Files\Microsoft SQL Server\120\DTS\Binn\;C:\Program Files\Microsoft SQL Server\Client SDK\ODBC\110\Tools\Binn\;C:\Program Files (x86)\Microsoft SQL Server\120\Tools\Binn\;C:\Program Files\Microsoft SQL Server\120\Tools\Binn\;C:\Program Files (x86)\Microsoft SQL Server\120\Tools\Binn\ManagementStudio\;C:\Program Files (x86)\Microsoft SQL Server\120\DTS\Binn\;C:\Program Files\dotnet\;C:\Program Files\Microsoft SQL Server\130\Tools\Binn\;C:\Program Files\Microsoft SQL Server\Client SDK\ODBC\170\Tools\Binn\;E:\Code\apache-maven-3.6.2\bin;E:\mysql-5.7.27-winx64\bin;C:\Users\zcl\AppData\Local\Microsoft\WindowsApps;;C:\Users\zcl\AppData\Local\Programs\Microsoft VS Code\bin;C:\Program Files\JetBrains\IntelliJ IDEA 2019.2.3\bin;;.]
15:53:56.962 [localhost-startStop-1] INFO  org.apache.catalina.core.ContainerBase.[Tomcat].[localhost].[/] - Initializing Spring embedded WebApplicationContext
15:53:57.156 [main] INFO  com.buoyantec.JedisConfig - 初始化Redis连接池JedisPool成功! Redis地址: 127.0.0.1:6379
15:53:58.259 [main] INFO  org.apache.coyote.http11.Http11NioProtocol - Starting ProtocolHandler ["http-nio-8080"]
15:53:58.269 [main] INFO  org.apache.tomcat.util.net.NioSelectorPool - Using a shared selector for servlet write/read
15:53:58.285 [main] INFO  App - Started App in 3.934 seconds (JVM running for 4.872)
15:54:04.387 [http-nio-8080-exec-1] INFO  org.apache.catalina.core.ContainerBase.[Tomcat].[localhost].[/] - Initializing Spring FrameworkServlet 'dispatcherServlet'
15:54:04.567 [http-nio-8080-exec-1] INFO  com.buoyantec.AuthRealm - eyJ0eXAiOiJKV1QiLCJhbGciOiJIUzI1NiJ9.eyJleHAiOjE1NzU0MDE0MzQsInVzZXJuYW1lIjoiYjEyMzQ1NjAzNyJ9.uEja-MY9dtaBuj5MLehkNACWYaCG43wXaNiyWTVkXBo
15:54:04.659 [http-nio-8080-exec-1] INFO  com.alibaba.druid.pool.DruidDataSource - {dataSource-1} inited
15:54:04.803 [http-nio-8080-exec-1] INFO  com.buoyantec.service.impl.UserRightRelationServiceImpl - :
15:54:04.815 [http-nio-8080-exec-1] INFO  com.buoyantec.Utils.UploadController - 用户:b123456037正在上传文件
15:54:04.853 [http-nio-8080-exec-1] INFO  com.buoyantec.service.impl.AttachmentServiceImpl - 用户:b123456037|||上传文件:OneNET+中华杯20190927.rar|||上传地址是:C:\Users\zcl\AppData\Local\Temp\tomcat-docbase.4669639647525344890.8080\upload/2019/12/04/3148b386-8dac-4b5a-954a-40181aa0c90f.rar|||数据库名为:3148b386-8dac-4b5a-954a-40181aa0c90f.rar|||下载地址为:http://127.0.0.1:8080/upload/2019/12/04/3148b386-8dac-4b5a-954a-40181aa0c90f.rar

15:54:40.660 [Thread-12] INFO  com.alibaba.druid.pool.DruidDataSource - {dataSource-1} closed
15:54:44.824 [main] INFO  App - Starting App on DESKTOP-2EMH2EM with PID 17636 (E:\RCJL\RCJL-Controller\target\classes started by zcl in E:\RCJL)
15:54:44.830 [main] INFO  App - No active profile set, falling back to default profiles: default
15:54:45.758 [main] INFO  com.buoyantec.ShiroConfiguration - 初始化defaultAdvisorAutoProxyCreator！

15:54:45.767 [main] INFO  com.buoyantec.ShiroConfiguration - 初始化defaultAdvisorAutoProxyCreator！

15:54:45.796 [main] INFO  com.buoyantec.ShiroConfiguration - 初始化AuthRealm成功!!

15:54:46.763 [main] INFO  com.buoyantec.ShiroConfiguration - 初始化securityManager成功！

15:54:46.789 [main] INFO  com.buoyantec.ShiroConfiguration - 初始化shiroFilterFactoryBean成功

15:54:46.856 [main] INFO  com.buoyantec.ShiroConfiguration - 初始化authorizationAttributeSourceAdvisor成功！

15:54:47.205 [main] INFO  org.apache.coyote.http11.Http11NioProtocol - Initializing ProtocolHandler ["http-nio-8080"]
15:54:47.213 [main] INFO  org.apache.catalina.core.StandardService - Starting service [Tomcat]
15:54:47.214 [main] INFO  org.apache.catalina.core.StandardEngine - Starting Servlet Engine: Apache Tomcat/8.5.34
15:54:47.219 [localhost-startStop-1] INFO  org.apache.catalina.core.AprLifecycleListener - The APR based Apache Tomcat Native library which allows optimal performance in production environments was not found on the java.library.path: [C:\Program Files\Java\jdk1.8.0_131\bin;C:\Windows\Sun\Java\bin;C:\Windows\system32;C:\Windows;C:\ProgramData\Oracle\Java\javapath;C:\Windows\system32;C:\Windows;C:\Windows\System32\Wbem;C:\Windows\System32\WindowsPowerShell\v1.0\;C:\Windows\System32\OpenSSH\;C:\Program Files\Git\cmd;C:\Program Files\Microsoft SQL Server\120\DTS\Binn\;C:\Program Files\Microsoft SQL Server\Client SDK\ODBC\110\Tools\Binn\;C:\Program Files (x86)\Microsoft SQL Server\120\Tools\Binn\;C:\Program Files\Microsoft SQL Server\120\Tools\Binn\;C:\Program Files (x86)\Microsoft SQL Server\120\Tools\Binn\ManagementStudio\;C:\Program Files (x86)\Microsoft SQL Server\120\DTS\Binn\;C:\Program Files\dotnet\;C:\Program Files\Microsoft SQL Server\130\Tools\Binn\;C:\Program Files\Microsoft SQL Server\Client SDK\ODBC\170\Tools\Binn\;E:\Code\apache-maven-3.6.2\bin;E:\mysql-5.7.27-winx64\bin;C:\Users\zcl\AppData\Local\Microsoft\WindowsApps;;C:\Users\zcl\AppData\Local\Programs\Microsoft VS Code\bin;C:\Program Files\JetBrains\IntelliJ IDEA 2019.2.3\bin;;.]
15:54:47.302 [localhost-startStop-1] INFO  org.apache.catalina.core.ContainerBase.[Tomcat].[localhost].[/] - Initializing Spring embedded WebApplicationContext
15:54:47.485 [main] INFO  com.buoyantec.JedisConfig - 初始化Redis连接池JedisPool成功! Redis地址: 127.0.0.1:6379
15:54:48.614 [main] INFO  org.apache.coyote.http11.Http11NioProtocol - Starting ProtocolHandler ["http-nio-8080"]
15:54:48.623 [main] INFO  org.apache.tomcat.util.net.NioSelectorPool - Using a shared selector for servlet write/read
15:54:48.639 [main] INFO  App - Started App in 4.082 seconds (JVM running for 5.031)
15:54:58.714 [http-nio-8080-exec-1] INFO  org.apache.catalina.core.ContainerBase.[Tomcat].[localhost].[/] - Initializing Spring FrameworkServlet 'dispatcherServlet'
15:54:58.897 [http-nio-8080-exec-1] INFO  com.buoyantec.AuthRealm - eyJ0eXAiOiJKV1QiLCJhbGciOiJIUzI1NiJ9.eyJleHAiOjE1NzU0MDE0MzQsInVzZXJuYW1lIjoiYjEyMzQ1NjAzNyJ9.uEja-MY9dtaBuj5MLehkNACWYaCG43wXaNiyWTVkXBo
15:54:58.969 [http-nio-8080-exec-1] INFO  com.alibaba.druid.pool.DruidDataSource - {dataSource-1} inited
15:54:59.118 [http-nio-8080-exec-1] INFO  com.buoyantec.Utils.UploadController - 用户:b123456037正在上传文件
15:54:59.176 [http-nio-8080-exec-1] INFO  com.buoyantec.service.impl.AttachmentServiceImpl - 用户:b123456037|||上传文件:OneNET+中华杯20190927.rar|||上传地址是:C:\Users\zcl\AppData\Local\Temp\tomcat-docbase.2035555011107275852.8080\upload/2019/12/04/2fdbf8f7-b91e-48fd-8555-102178b0ed1a.rar|||数据库名为:2fdbf8f7-b91e-48fd-8555-102178b0ed1a.rar|||下载地址为:http://127.0.0.1:8080/upload/2019/12/04/2fdbf8f7-b91e-48fd-8555-102178b0ed1a.rar

15:58:02.195 [Thread-12] INFO  com.alibaba.druid.pool.DruidDataSource - {dataSource-1} closed
15:58:07.430 [main] INFO  App - Starting App on DESKTOP-2EMH2EM with PID 13780 (E:\RCJL\RCJL-Controller\target\classes started by zcl in E:\RCJL)
15:58:07.436 [main] INFO  App - No active profile set, falling back to default profiles: default
15:58:08.324 [main] INFO  com.buoyantec.ShiroConfiguration - 初始化defaultAdvisorAutoProxyCreator！

15:58:08.333 [main] INFO  com.buoyantec.ShiroConfiguration - 初始化defaultAdvisorAutoProxyCreator！

15:58:08.364 [main] INFO  com.buoyantec.ShiroConfiguration - 初始化AuthRealm成功!!

15:58:09.265 [main] INFO  com.buoyantec.ShiroConfiguration - 初始化securityManager成功！

15:58:09.284 [main] INFO  com.buoyantec.ShiroConfiguration - 初始化shiroFilterFactoryBean成功

15:58:09.335 [main] INFO  com.buoyantec.ShiroConfiguration - 初始化authorizationAttributeSourceAdvisor成功！

15:58:09.663 [main] INFO  org.apache.coyote.http11.Http11NioProtocol - Initializing ProtocolHandler ["http-nio-8080"]
15:58:09.671 [main] INFO  org.apache.catalina.core.StandardService - Starting service [Tomcat]
15:58:09.671 [main] INFO  org.apache.catalina.core.StandardEngine - Starting Servlet Engine: Apache Tomcat/8.5.34
15:58:09.676 [localhost-startStop-1] INFO  org.apache.catalina.core.AprLifecycleListener - The APR based Apache Tomcat Native library which allows optimal performance in production environments was not found on the java.library.path: [C:\Program Files\Java\jdk1.8.0_131\bin;C:\Windows\Sun\Java\bin;C:\Windows\system32;C:\Windows;C:\ProgramData\Oracle\Java\javapath;C:\Windows\system32;C:\Windows;C:\Windows\System32\Wbem;C:\Windows\System32\WindowsPowerShell\v1.0\;C:\Windows\System32\OpenSSH\;C:\Program Files\Git\cmd;C:\Program Files\Microsoft SQL Server\120\DTS\Binn\;C:\Program Files\Microsoft SQL Server\Client SDK\ODBC\110\Tools\Binn\;C:\Program Files (x86)\Microsoft SQL Server\120\Tools\Binn\;C:\Program Files\Microsoft SQL Server\120\Tools\Binn\;C:\Program Files (x86)\Microsoft SQL Server\120\Tools\Binn\ManagementStudio\;C:\Program Files (x86)\Microsoft SQL Server\120\DTS\Binn\;C:\Program Files\dotnet\;C:\Program Files\Microsoft SQL Server\130\Tools\Binn\;C:\Program Files\Microsoft SQL Server\Client SDK\ODBC\170\Tools\Binn\;E:\Code\apache-maven-3.6.2\bin;E:\mysql-5.7.27-winx64\bin;C:\Users\zcl\AppData\Local\Microsoft\WindowsApps;;C:\Users\zcl\AppData\Local\Programs\Microsoft VS Code\bin;C:\Program Files\JetBrains\IntelliJ IDEA 2019.2.3\bin;;.]
15:58:09.762 [localhost-startStop-1] INFO  org.apache.catalina.core.ContainerBase.[Tomcat].[localhost].[/] - Initializing Spring embedded WebApplicationContext
15:58:09.959 [main] INFO  com.buoyantec.JedisConfig - 初始化Redis连接池JedisPool成功! Redis地址: 127.0.0.1:6379
15:58:11.031 [main] INFO  org.apache.coyote.http11.Http11NioProtocol - Starting ProtocolHandler ["http-nio-8080"]
15:58:11.040 [main] INFO  org.apache.tomcat.util.net.NioSelectorPool - Using a shared selector for servlet write/read
15:58:11.055 [main] INFO  App - Started App in 3.872 seconds (JVM running for 4.846)
15:58:28.123 [http-nio-8080-exec-1] INFO  org.apache.catalina.core.ContainerBase.[Tomcat].[localhost].[/] - Initializing Spring FrameworkServlet 'dispatcherServlet'
15:58:28.213 [http-nio-8080-exec-1] INFO  com.buoyantec.AuthRealm - eyJ0eXAiOiJKV1QiLCJhbGciOiJIUzI1NiJ9.eyJleHAiOjE1NzU0MDE0MzQsInVzZXJuYW1lIjoiYjEyMzQ1NjAzNyJ9.uEja-MY9dtaBuj5MLehkNACWYaCG43wXaNiyWTVkXBo
15:58:28.302 [http-nio-8080-exec-1] INFO  com.alibaba.druid.pool.DruidDataSource - {dataSource-1} inited
15:58:28.443 [http-nio-8080-exec-1] INFO  com.buoyantec.Utils.UploadController - 用户:b123456037正在上传文件
15:58:28.498 [http-nio-8080-exec-1] INFO  com.buoyantec.service.impl.AttachmentServiceImpl - 用户:b123456037|||上传文件:张从磊.xlsx|||上传地址是:C:\Users\zcl\AppData\Local\Temp\tomcat-docbase.7439561031394279407.8080\upload/2019/12/04/af3eb36b-766e-4dc7-8f4b-46afdb1d8e5e.xlsx|||数据库名为:af3eb36b-766e-4dc7-8f4b-46afdb1d8e5e.xlsx|||下载地址为:http://127.0.0.1:8080/upload/2019/12/04/af3eb36b-766e-4dc7-8f4b-46afdb1d8e5e.xlsx

16:03:14.795 [Thread-12] INFO  com.alibaba.druid.pool.DruidDataSource - {dataSource-1} closed
16:03:19.133 [main] INFO  App - Starting App on DESKTOP-2EMH2EM with PID 16104 (E:\RCJL\RCJL-Controller\target\classes started by zcl in E:\RCJL)
16:03:19.138 [main] INFO  App - No active profile set, falling back to default profiles: default
16:03:20.030 [main] INFO  com.buoyantec.ShiroConfiguration - 初始化defaultAdvisorAutoProxyCreator！

16:03:20.040 [main] INFO  com.buoyantec.ShiroConfiguration - 初始化defaultAdvisorAutoProxyCreator！

16:03:20.077 [main] INFO  com.buoyantec.ShiroConfiguration - 初始化AuthRealm成功!!

16:03:21.024 [main] INFO  com.buoyantec.ShiroConfiguration - 初始化securityManager成功！

16:03:21.043 [main] INFO  com.buoyantec.ShiroConfiguration - 初始化shiroFilterFactoryBean成功

16:03:21.112 [main] INFO  com.buoyantec.ShiroConfiguration - 初始化authorizationAttributeSourceAdvisor成功！

16:03:21.431 [main] INFO  org.apache.coyote.http11.Http11NioProtocol - Initializing ProtocolHandler ["http-nio-8080"]
16:03:21.439 [main] INFO  org.apache.catalina.core.StandardService - Starting service [Tomcat]
16:03:21.440 [main] INFO  org.apache.catalina.core.StandardEngine - Starting Servlet Engine: Apache Tomcat/8.5.34
16:03:21.443 [localhost-startStop-1] INFO  org.apache.catalina.core.AprLifecycleListener - The APR based Apache Tomcat Native library which allows optimal performance in production environments was not found on the java.library.path: [C:\Program Files\Java\jdk1.8.0_131\bin;C:\Windows\Sun\Java\bin;C:\Windows\system32;C:\Windows;C:\ProgramData\Oracle\Java\javapath;C:\Windows\system32;C:\Windows;C:\Windows\System32\Wbem;C:\Windows\System32\WindowsPowerShell\v1.0\;C:\Windows\System32\OpenSSH\;C:\Program Files\Git\cmd;C:\Program Files\Microsoft SQL Server\120\DTS\Binn\;C:\Program Files\Microsoft SQL Server\Client SDK\ODBC\110\Tools\Binn\;C:\Program Files (x86)\Microsoft SQL Server\120\Tools\Binn\;C:\Program Files\Microsoft SQL Server\120\Tools\Binn\;C:\Program Files (x86)\Microsoft SQL Server\120\Tools\Binn\ManagementStudio\;C:\Program Files (x86)\Microsoft SQL Server\120\DTS\Binn\;C:\Program Files\dotnet\;C:\Program Files\Microsoft SQL Server\130\Tools\Binn\;C:\Program Files\Microsoft SQL Server\Client SDK\ODBC\170\Tools\Binn\;E:\Code\apache-maven-3.6.2\bin;E:\mysql-5.7.27-winx64\bin;C:\Users\zcl\AppData\Local\Microsoft\WindowsApps;;C:\Users\zcl\AppData\Local\Programs\Microsoft VS Code\bin;C:\Program Files\JetBrains\IntelliJ IDEA 2019.2.3\bin;;.]
16:03:21.526 [localhost-startStop-1] INFO  org.apache.catalina.core.ContainerBase.[Tomcat].[localhost].[/] - Initializing Spring embedded WebApplicationContext
16:03:21.710 [main] INFO  com.buoyantec.JedisConfig - 初始化Redis连接池JedisPool成功! Redis地址: 127.0.0.1:6379
16:03:22.806 [main] INFO  org.apache.coyote.http11.Http11NioProtocol - Starting ProtocolHandler ["http-nio-8080"]
16:03:22.816 [main] INFO  org.apache.tomcat.util.net.NioSelectorPool - Using a shared selector for servlet write/read
16:03:22.832 [main] INFO  App - Started App in 3.955 seconds (JVM running for 4.879)
16:03:40.949 [http-nio-8080-exec-1] INFO  org.apache.catalina.core.ContainerBase.[Tomcat].[localhost].[/] - Initializing Spring FrameworkServlet 'dispatcherServlet'
16:03:41.102 [http-nio-8080-exec-1] INFO  com.alibaba.druid.pool.DruidDataSource - {dataSource-1} inited
16:04:11.845 [http-nio-8080-exec-3] INFO  com.buoyantec.AuthRealm - eyJ0eXAiOiJKV1QiLCJhbGciOiJIUzI1NiJ9.eyJleHAiOjE1NzU0MDE0MzQsInVzZXJuYW1lIjoiYjEyMzQ1NjAzNyJ9.uEja-MY9dtaBuj5MLehkNACWYaCG43wXaNiyWTVkXBo
16:04:11.883 [http-nio-8080-exec-3] INFO  com.buoyantec.service.impl.UserRightRelationServiceImpl - :
16:04:11.893 [http-nio-8080-exec-3] INFO  com.buoyantec.Utils.UploadController - 用户:b123456037正在上传文件
16:04:11.948 [http-nio-8080-exec-3] INFO  com.buoyantec.service.impl.AttachmentServiceImpl - 用户:b123456037|||上传文件:123123.txt|||上传地址是:C:\Users\zcl\AppData\Local\Temp\tomcat-docbase.748941570761732743.8080\upload/2019/12/04/952d744c-d897-4e72-b6ec-ed178b79aa35.txt|||数据库名为:952d744c-d897-4e72-b6ec-ed178b79aa35.txt|||下载地址为:http://127.0.0.1:8080/upload/2019/12/04/952d744c-d897-4e72-b6ec-ed178b79aa35.txt

16:05:37.086 [http-nio-8080-exec-9] INFO  com.buoyantec.AuthRealm - eyJ0eXAiOiJKV1QiLCJhbGciOiJIUzI1NiJ9.eyJleHAiOjE1NzU0MDE0MzQsInVzZXJuYW1lIjoiYjEyMzQ1NjAzNyJ9.uEja-MY9dtaBuj5MLehkNACWYaCG43wXaNiyWTVkXBo
16:05:49.318 [Thread-12] INFO  com.alibaba.druid.pool.DruidDataSource - {dataSource-1} closed
16:06:30.805 [main] INFO  App - Starting App on DESKTOP-2EMH2EM with PID 19920 (E:\RCJL\RCJL-Controller\target\classes started by zcl in E:\RCJL)
16:06:30.810 [main] INFO  App - No active profile set, falling back to default profiles: default
16:06:31.655 [main] INFO  com.buoyantec.ShiroConfiguration - 初始化defaultAdvisorAutoProxyCreator！

16:06:31.664 [main] INFO  com.buoyantec.ShiroConfiguration - 初始化defaultAdvisorAutoProxyCreator！

16:06:31.694 [main] INFO  com.buoyantec.ShiroConfiguration - 初始化AuthRealm成功!!

16:06:32.568 [main] INFO  com.buoyantec.ShiroConfiguration - 初始化securityManager成功！

16:06:32.587 [main] INFO  com.buoyantec.ShiroConfiguration - 初始化shiroFilterFactoryBean成功

16:06:32.636 [main] INFO  com.buoyantec.ShiroConfiguration - 初始化authorizationAttributeSourceAdvisor成功！

16:06:32.951 [main] INFO  org.apache.coyote.http11.Http11NioProtocol - Initializing ProtocolHandler ["http-nio-8080"]
16:06:32.960 [main] INFO  org.apache.catalina.core.StandardService - Starting service [Tomcat]
16:06:32.960 [main] INFO  org.apache.catalina.core.StandardEngine - Starting Servlet Engine: Apache Tomcat/8.5.34
16:06:32.964 [localhost-startStop-1] INFO  org.apache.catalina.core.AprLifecycleListener - The APR based Apache Tomcat Native library which allows optimal performance in production environments was not found on the java.library.path: [C:\Program Files\Java\jdk1.8.0_131\bin;C:\Windows\Sun\Java\bin;C:\Windows\system32;C:\Windows;C:\ProgramData\Oracle\Java\javapath;C:\Windows\system32;C:\Windows;C:\Windows\System32\Wbem;C:\Windows\System32\WindowsPowerShell\v1.0\;C:\Windows\System32\OpenSSH\;C:\Program Files\Git\cmd;C:\Program Files\Microsoft SQL Server\120\DTS\Binn\;C:\Program Files\Microsoft SQL Server\Client SDK\ODBC\110\Tools\Binn\;C:\Program Files (x86)\Microsoft SQL Server\120\Tools\Binn\;C:\Program Files\Microsoft SQL Server\120\Tools\Binn\;C:\Program Files (x86)\Microsoft SQL Server\120\Tools\Binn\ManagementStudio\;C:\Program Files (x86)\Microsoft SQL Server\120\DTS\Binn\;C:\Program Files\dotnet\;C:\Program Files\Microsoft SQL Server\130\Tools\Binn\;C:\Program Files\Microsoft SQL Server\Client SDK\ODBC\170\Tools\Binn\;E:\Code\apache-maven-3.6.2\bin;E:\mysql-5.7.27-winx64\bin;C:\Users\zcl\AppData\Local\Microsoft\WindowsApps;;C:\Users\zcl\AppData\Local\Programs\Microsoft VS Code\bin;C:\Program Files\JetBrains\IntelliJ IDEA 2019.2.3\bin;;.]
16:06:33.046 [localhost-startStop-1] INFO  org.apache.catalina.core.ContainerBase.[Tomcat].[localhost].[/] - Initializing Spring embedded WebApplicationContext
16:06:33.225 [main] INFO  com.buoyantec.JedisConfig - 初始化Redis连接池JedisPool成功! Redis地址: 127.0.0.1:6379
16:06:34.276 [main] INFO  org.apache.coyote.http11.Http11NioProtocol - Starting ProtocolHandler ["http-nio-8080"]
16:06:34.284 [main] INFO  org.apache.tomcat.util.net.NioSelectorPool - Using a shared selector for servlet write/read
16:06:34.300 [main] INFO  App - Started App in 3.745 seconds (JVM running for 4.643)
16:06:50.656 [http-nio-8080-exec-1] INFO  org.apache.catalina.core.ContainerBase.[Tomcat].[localhost].[/] - Initializing Spring FrameworkServlet 'dispatcherServlet'
16:06:50.735 [http-nio-8080-exec-1] INFO  com.buoyantec.AuthRealm - eyJ0eXAiOiJKV1QiLCJhbGciOiJIUzI1NiJ9.eyJleHAiOjE1NzU0MDE0MzQsInVzZXJuYW1lIjoiYjEyMzQ1NjAzNyJ9.uEja-MY9dtaBuj5MLehkNACWYaCG43wXaNiyWTVkXBo
16:06:50.837 [http-nio-8080-exec-1] INFO  com.alibaba.druid.pool.DruidDataSource - {dataSource-1} inited
16:07:35.878 [Thread-11] INFO  com.alibaba.druid.pool.DruidDataSource - {dataSource-1} closed
16:07:39.588 [main] INFO  App - Starting App on DESKTOP-2EMH2EM with PID 16048 (E:\RCJL\RCJL-Controller\target\classes started by zcl in E:\RCJL)
16:07:39.593 [main] INFO  App - No active profile set, falling back to default profiles: default
16:07:40.456 [main] INFO  com.buoyantec.ShiroConfiguration - 初始化defaultAdvisorAutoProxyCreator！

16:07:40.465 [main] INFO  com.buoyantec.ShiroConfiguration - 初始化defaultAdvisorAutoProxyCreator！

16:07:40.495 [main] INFO  com.buoyantec.ShiroConfiguration - 初始化AuthRealm成功!!

16:07:41.366 [main] INFO  com.buoyantec.ShiroConfiguration - 初始化securityManager成功！

16:07:41.383 [main] INFO  com.buoyantec.ShiroConfiguration - 初始化shiroFilterFactoryBean成功

16:07:41.432 [main] INFO  com.buoyantec.ShiroConfiguration - 初始化authorizationAttributeSourceAdvisor成功！

16:07:41.748 [main] INFO  org.apache.coyote.http11.Http11NioProtocol - Initializing ProtocolHandler ["http-nio-8080"]
16:07:41.755 [main] INFO  org.apache.catalina.core.StandardService - Starting service [Tomcat]
16:07:41.756 [main] INFO  org.apache.catalina.core.StandardEngine - Starting Servlet Engine: Apache Tomcat/8.5.34
16:07:41.759 [localhost-startStop-1] INFO  org.apache.catalina.core.AprLifecycleListener - The APR based Apache Tomcat Native library which allows optimal performance in production environments was not found on the java.library.path: [C:\Program Files\Java\jdk1.8.0_131\bin;C:\Windows\Sun\Java\bin;C:\Windows\system32;C:\Windows;C:\ProgramData\Oracle\Java\javapath;C:\Windows\system32;C:\Windows;C:\Windows\System32\Wbem;C:\Windows\System32\WindowsPowerShell\v1.0\;C:\Windows\System32\OpenSSH\;C:\Program Files\Git\cmd;C:\Program Files\Microsoft SQL Server\120\DTS\Binn\;C:\Program Files\Microsoft SQL Server\Client SDK\ODBC\110\Tools\Binn\;C:\Program Files (x86)\Microsoft SQL Server\120\Tools\Binn\;C:\Program Files\Microsoft SQL Server\120\Tools\Binn\;C:\Program Files (x86)\Microsoft SQL Server\120\Tools\Binn\ManagementStudio\;C:\Program Files (x86)\Microsoft SQL Server\120\DTS\Binn\;C:\Program Files\dotnet\;C:\Program Files\Microsoft SQL Server\130\Tools\Binn\;C:\Program Files\Microsoft SQL Server\Client SDK\ODBC\170\Tools\Binn\;E:\Code\apache-maven-3.6.2\bin;E:\mysql-5.7.27-winx64\bin;C:\Users\zcl\AppData\Local\Microsoft\WindowsApps;;C:\Users\zcl\AppData\Local\Programs\Microsoft VS Code\bin;C:\Program Files\JetBrains\IntelliJ IDEA 2019.2.3\bin;;.]
16:07:41.841 [localhost-startStop-1] INFO  org.apache.catalina.core.ContainerBase.[Tomcat].[localhost].[/] - Initializing Spring embedded WebApplicationContext
16:07:42.023 [main] INFO  com.buoyantec.JedisConfig - 初始化Redis连接池JedisPool成功! Redis地址: 127.0.0.1:6379
16:07:43.089 [main] INFO  org.apache.coyote.http11.Http11NioProtocol - Starting ProtocolHandler ["http-nio-8080"]
16:07:43.097 [main] INFO  org.apache.tomcat.util.net.NioSelectorPool - Using a shared selector for servlet write/read
16:07:43.113 [main] INFO  App - Started App in 3.784 seconds (JVM running for 4.696)
16:07:49.633 [http-nio-8080-exec-1] INFO  org.apache.catalina.core.ContainerBase.[Tomcat].[localhost].[/] - Initializing Spring FrameworkServlet 'dispatcherServlet'
16:07:49.713 [http-nio-8080-exec-1] INFO  com.buoyantec.AuthRealm - eyJ0eXAiOiJKV1QiLCJhbGciOiJIUzI1NiJ9.eyJleHAiOjE1NzU0MDE0MzQsInVzZXJuYW1lIjoiYjEyMzQ1NjAzNyJ9.uEja-MY9dtaBuj5MLehkNACWYaCG43wXaNiyWTVkXBo
16:07:49.793 [http-nio-8080-exec-1] INFO  com.alibaba.druid.pool.DruidDataSource - {dataSource-1} inited
16:08:00.365 [http-nio-8080-exec-2] INFO  com.buoyantec.AuthRealm - eyJ0eXAiOiJKV1QiLCJhbGciOiJIUzI1NiJ9.eyJleHAiOjE1NzU0MDE0MzQsInVzZXJuYW1lIjoiYjEyMzQ1NjAzNyJ9.uEja-MY9dtaBuj5MLehkNACWYaCG43wXaNiyWTVkXBo
16:09:59.640 [Thread-12] INFO  com.alibaba.druid.pool.DruidDataSource - {dataSource-1} closed
16:10:03.466 [main] INFO  App - Starting App on DESKTOP-2EMH2EM with PID 19844 (E:\RCJL\RCJL-Controller\target\classes started by zcl in E:\RCJL)
16:10:03.473 [main] INFO  App - No active profile set, falling back to default profiles: default
16:10:04.405 [main] INFO  com.buoyantec.ShiroConfiguration - 初始化defaultAdvisorAutoProxyCreator！

16:10:04.418 [main] INFO  com.buoyantec.ShiroConfiguration - 初始化defaultAdvisorAutoProxyCreator！

16:10:04.463 [main] INFO  com.buoyantec.ShiroConfiguration - 初始化AuthRealm成功!!

16:10:05.535 [main] INFO  com.buoyantec.ShiroConfiguration - 初始化securityManager成功！

16:10:05.554 [main] INFO  com.buoyantec.ShiroConfiguration - 初始化shiroFilterFactoryBean成功

16:10:05.611 [main] INFO  com.buoyantec.ShiroConfiguration - 初始化authorizationAttributeSourceAdvisor成功！

16:10:06.010 [main] INFO  org.apache.coyote.http11.Http11NioProtocol - Initializing ProtocolHandler ["http-nio-8080"]
16:10:06.019 [main] INFO  org.apache.catalina.core.StandardService - Starting service [Tomcat]
16:10:06.020 [main] INFO  org.apache.catalina.core.StandardEngine - Starting Servlet Engine: Apache Tomcat/8.5.34
16:10:06.023 [localhost-startStop-1] INFO  org.apache.catalina.core.AprLifecycleListener - The APR based Apache Tomcat Native library which allows optimal performance in production environments was not found on the java.library.path: [C:\Program Files\Java\jdk1.8.0_131\bin;C:\Windows\Sun\Java\bin;C:\Windows\system32;C:\Windows;C:\ProgramData\Oracle\Java\javapath;C:\Windows\system32;C:\Windows;C:\Windows\System32\Wbem;C:\Windows\System32\WindowsPowerShell\v1.0\;C:\Windows\System32\OpenSSH\;C:\Program Files\Git\cmd;C:\Program Files\Microsoft SQL Server\120\DTS\Binn\;C:\Program Files\Microsoft SQL Server\Client SDK\ODBC\110\Tools\Binn\;C:\Program Files (x86)\Microsoft SQL Server\120\Tools\Binn\;C:\Program Files\Microsoft SQL Server\120\Tools\Binn\;C:\Program Files (x86)\Microsoft SQL Server\120\Tools\Binn\ManagementStudio\;C:\Program Files (x86)\Microsoft SQL Server\120\DTS\Binn\;C:\Program Files\dotnet\;C:\Program Files\Microsoft SQL Server\130\Tools\Binn\;C:\Program Files\Microsoft SQL Server\Client SDK\ODBC\170\Tools\Binn\;E:\Code\apache-maven-3.6.2\bin;E:\mysql-5.7.27-winx64\bin;C:\Users\zcl\AppData\Local\Microsoft\WindowsApps;;C:\Users\zcl\AppData\Local\Programs\Microsoft VS Code\bin;C:\Program Files\JetBrains\IntelliJ IDEA 2019.2.3\bin;;.]
16:10:06.115 [localhost-startStop-1] INFO  org.apache.catalina.core.ContainerBase.[Tomcat].[localhost].[/] - Initializing Spring embedded WebApplicationContext
16:10:06.346 [main] INFO  com.buoyantec.JedisConfig - 初始化Redis连接池JedisPool成功! Redis地址: 127.0.0.1:6379
16:10:07.538 [main] INFO  org.apache.coyote.http11.Http11NioProtocol - Starting ProtocolHandler ["http-nio-8080"]
16:10:07.547 [main] INFO  org.apache.tomcat.util.net.NioSelectorPool - Using a shared selector for servlet write/read
16:10:07.564 [main] INFO  App - Started App in 4.37 seconds (JVM running for 5.343)
16:10:17.128 [http-nio-8080-exec-1] INFO  org.apache.catalina.core.ContainerBase.[Tomcat].[localhost].[/] - Initializing Spring FrameworkServlet 'dispatcherServlet'
16:10:24.844 [http-nio-8080-exec-1] INFO  com.buoyantec.AuthRealm - eyJ0eXAiOiJKV1QiLCJhbGciOiJIUzI1NiJ9.eyJleHAiOjE1NzU0MDE0MzQsInVzZXJuYW1lIjoiYjEyMzQ1NjAzNyJ9.uEja-MY9dtaBuj5MLehkNACWYaCG43wXaNiyWTVkXBo
16:10:24.917 [http-nio-8080-exec-1] INFO  com.alibaba.druid.pool.DruidDataSource - {dataSource-1} inited
16:10:25.058 [http-nio-8080-exec-1] INFO  com.buoyantec.service.impl.UserRightRelationServiceImpl - :
16:10:25.070 [http-nio-8080-exec-1] INFO  com.buoyantec.Utils.UploadController - 用户:b123456037正在上传文件
16:10:25.125 [http-nio-8080-exec-1] INFO  com.buoyantec.service.impl.AttachmentServiceImpl - 用户:b123456037|||上传文件:SW_DVD5_Visio_Pro_2013_W32_ChnSimp_MLF_X18-60985.ISO|||上传地址是:C:\Users\zcl\AppData\Local\Temp\tomcat-docbase.9034989715308858435.8080\upload/2019/12/04/f711261c-1ac8-4b4f-bb60-09b227a8e2cb.ISO|||数据库名为:f711261c-1ac8-4b4f-bb60-09b227a8e2cb.ISO|||下载地址为:http://127.0.0.1:8080/upload/2019/12/04/f711261c-1ac8-4b4f-bb60-09b227a8e2cb.ISO

16:12:23.277 [Thread-13] INFO  com.alibaba.druid.pool.DruidDataSource - {dataSource-1} closed
16:12:27.860 [main] INFO  App - Starting App on DESKTOP-2EMH2EM with PID 16232 (E:\RCJL\RCJL-Controller\target\classes started by zcl in E:\RCJL)
16:12:27.865 [main] INFO  App - No active profile set, falling back to default profiles: default
16:12:28.761 [main] INFO  com.buoyantec.ShiroConfiguration - 初始化defaultAdvisorAutoProxyCreator！

16:12:28.770 [main] INFO  com.buoyantec.ShiroConfiguration - 初始化defaultAdvisorAutoProxyCreator！

16:12:28.803 [main] INFO  com.buoyantec.ShiroConfiguration - 初始化AuthRealm成功!!

16:12:29.765 [main] INFO  com.buoyantec.ShiroConfiguration - 初始化securityManager成功！

16:12:29.783 [main] INFO  com.buoyantec.ShiroConfiguration - 初始化shiroFilterFactoryBean成功

16:12:29.834 [main] INFO  com.buoyantec.ShiroConfiguration - 初始化authorizationAttributeSourceAdvisor成功！

16:12:30.170 [main] INFO  org.apache.coyote.http11.Http11NioProtocol - Initializing ProtocolHandler ["http-nio-8080"]
16:12:30.178 [main] INFO  org.apache.catalina.core.StandardService - Starting service [Tomcat]
16:12:30.179 [main] INFO  org.apache.catalina.core.StandardEngine - Starting Servlet Engine: Apache Tomcat/8.5.34
16:12:30.182 [localhost-startStop-1] INFO  org.apache.catalina.core.AprLifecycleListener - The APR based Apache Tomcat Native library which allows optimal performance in production environments was not found on the java.library.path: [C:\Program Files\Java\jdk1.8.0_131\bin;C:\Windows\Sun\Java\bin;C:\Windows\system32;C:\Windows;C:\ProgramData\Oracle\Java\javapath;C:\Windows\system32;C:\Windows;C:\Windows\System32\Wbem;C:\Windows\System32\WindowsPowerShell\v1.0\;C:\Windows\System32\OpenSSH\;C:\Program Files\Git\cmd;C:\Program Files\Microsoft SQL Server\120\DTS\Binn\;C:\Program Files\Microsoft SQL Server\Client SDK\ODBC\110\Tools\Binn\;C:\Program Files (x86)\Microsoft SQL Server\120\Tools\Binn\;C:\Program Files\Microsoft SQL Server\120\Tools\Binn\;C:\Program Files (x86)\Microsoft SQL Server\120\Tools\Binn\ManagementStudio\;C:\Program Files (x86)\Microsoft SQL Server\120\DTS\Binn\;C:\Program Files\dotnet\;C:\Program Files\Microsoft SQL Server\130\Tools\Binn\;C:\Program Files\Microsoft SQL Server\Client SDK\ODBC\170\Tools\Binn\;E:\Code\apache-maven-3.6.2\bin;E:\mysql-5.7.27-winx64\bin;C:\Users\zcl\AppData\Local\Microsoft\WindowsApps;;C:\Users\zcl\AppData\Local\Programs\Microsoft VS Code\bin;C:\Program Files\JetBrains\IntelliJ IDEA 2019.2.3\bin;;.]
16:12:30.270 [localhost-startStop-1] INFO  org.apache.catalina.core.ContainerBase.[Tomcat].[localhost].[/] - Initializing Spring embedded WebApplicationContext
16:12:30.468 [main] INFO  com.buoyantec.JedisConfig - 初始化Redis连接池JedisPool成功! Redis地址: 127.0.0.1:6379
16:12:31.582 [main] INFO  org.apache.coyote.http11.Http11NioProtocol - Starting ProtocolHandler ["http-nio-8080"]
16:12:31.591 [main] INFO  org.apache.tomcat.util.net.NioSelectorPool - Using a shared selector for servlet write/read
16:12:31.608 [main] INFO  App - Started App in 4.059 seconds (JVM running for 5.051)
16:12:47.456 [http-nio-8080-exec-1] INFO  org.apache.catalina.core.ContainerBase.[Tomcat].[localhost].[/] - Initializing Spring FrameworkServlet 'dispatcherServlet'
16:12:47.594 [http-nio-8080-exec-1] INFO  com.alibaba.druid.pool.DruidDataSource - {dataSource-1} inited
16:39:24.683 [Thread-12] INFO  com.alibaba.druid.pool.DruidDataSource - {dataSource-1} closed
