15:22:28.890 [main] INFO  com.buoyantec.App - Starting App on DESKTOP-2EMH2EM with PID 21960 (E:\RCJL\RCJL-Controller\target\classes started by zcl in E:\RCJL)
15:22:28.895 [main] INFO  com.buoyantec.App - No active profile set, falling back to default profiles: default
15:22:29.771 [main] INFO  com.buoyantec.ShiroConfiguration - 初始化defaultAdvisorAutoProxyCreator！

15:22:29.781 [main] INFO  com.buoyantec.ShiroConfiguration - 初始化defaultAdvisorAutoProxyCreator！

15:22:29.815 [main] INFO  com.buoyantec.ShiroConfiguration - 初始化AuthRealm成功!!

15:22:30.688 [main] INFO  com.buoyantec.ShiroConfiguration - 初始化securityManager成功！

15:22:30.707 [main] INFO  com.buoyantec.ShiroConfiguration - 初始化shiroFilterFactoryBean成功

15:22:30.761 [main] INFO  com.buoyantec.ShiroConfiguration - 初始化authorizationAttributeSourceAdvisor成功！

15:22:31.077 [main] INFO  org.apache.coyote.http11.Http11NioProtocol - Initializing ProtocolHandler ["http-nio-7777"]
15:22:31.086 [main] INFO  org.apache.catalina.core.StandardService - Starting service [Tomcat]
15:22:31.086 [main] INFO  org.apache.catalina.core.StandardEngine - Starting Servlet Engine: Apache Tomcat/8.5.34
15:22:31.090 [localhost-startStop-1] INFO  org.apache.catalina.core.AprLifecycleListener - The APR based Apache Tomcat Native library which allows optimal performance in production environments was not found on the java.library.path: [C:\Program Files\Java\jdk1.8.0_131\bin;C:\Windows\Sun\Java\bin;C:\Windows\system32;C:\Windows;C:\Program Files (x86)\Common Files\Oracle\Java\javapath;C:\ProgramData\Oracle\Java\javapath;C:\Windows\system32;C:\Windows;C:\Windows\System32\Wbem;C:\Windows\System32\WindowsPowerShell\v1.0\;C:\Windows\System32\OpenSSH\;C:\Program Files\Git\cmd;C:\Program Files\Microsoft SQL Server\120\DTS\Binn\;C:\Program Files\Microsoft SQL Server\Client SDK\ODBC\110\Tools\Binn\;C:\Program Files (x86)\Microsoft SQL Server\120\Tools\Binn\;C:\Program Files\Microsoft SQL Server\120\Tools\Binn\;C:\Program Files (x86)\Microsoft SQL Server\120\Tools\Binn\ManagementStudio\;C:\Program Files (x86)\Microsoft SQL Server\120\DTS\Binn\;C:\Program Files\dotnet\;C:\Program Files\Microsoft SQL Server\130\Tools\Binn\;C:\Program Files\Microsoft SQL Server\Client SDK\ODBC\170\Tools\Binn\;E:\Code\apache-maven-3.6.2\bin;E:\mysql-5.7.27-winx64\bin;C:\Program Files\nodejs\;C:\Users\zcl\AppData\Local\Microsoft\WindowsApps;;C:\Users\zcl\AppData\Local\Programs\Microsoft VS Code\bin;C:\Program Files\JetBrains\IntelliJ IDEA 2019.2.3\bin;;C:\Users\zcl\AppData\Roaming\npm;.]
15:22:31.173 [localhost-startStop-1] INFO  org.apache.catalina.core.ContainerBase.[Tomcat].[localhost].[/] - Initializing Spring embedded WebApplicationContext
15:22:31.370 [main] INFO  com.buoyantec.JedisConfig - 初始化Redis连接池JedisPool成功! Redis地址: 127.0.0.1:6379
15:22:32.467 [main] INFO  org.apache.coyote.http11.Http11NioProtocol - Starting ProtocolHandler ["http-nio-7777"]
15:22:32.474 [main] INFO  org.apache.tomcat.util.net.NioSelectorPool - Using a shared selector for servlet write/read
15:22:32.489 [main] INFO  com.buoyantec.App - Started App in 3.856 seconds (JVM running for 4.812)
15:22:34.645 [http-nio-7777-exec-1] INFO  org.apache.catalina.core.ContainerBase.[Tomcat].[localhost].[/] - Initializing Spring FrameworkServlet 'dispatcherServlet'
15:22:34.747 [http-nio-7777-exec-1] INFO  com.alibaba.druid.pool.DruidDataSource - {dataSource-1} inited
15:23:27.964 [Thread-12] INFO  com.alibaba.druid.pool.DruidDataSource - {dataSource-1} closed
